# JRE version: OpenJDK Runtime Environment (8.0_76-b03) (build 1.8.0_76-release-b03)
# Java VM: OpenJDK 64-Bit Server VM (25.76-b03 mixed mode windows-amd64 compressed oops)
Heap:
 PSYoungGen      total 320512K, used 27591K [0x00000000eab00000, 0x00000000ffe00000, 0x0000000100000000)
  eden space 296960K, 6% used [0x00000000eab00000,0x00000000ebed20d0,0x00000000fcd00000)
  from space 23552K, 30% used [0x00000000fe700000,0x00000000fee1fb68,0x00000000ffe00000)
  to   space 25088K, 0% used [0x00000000fcd00000,0x00000000fcd00000,0x00000000fe580000)
 ParOldGen       total 123904K, used 35253K [0x00000000c0000000, 0x00000000c7900000, 0x00000000eab00000)
  object space 123904K, 28% used [0x00000000c0000000,0x00000000c226d750,0x00000000c7900000)
 Metaspace       used 62976K, capacity 64878K, committed 65024K, reserved 1105920K
  class space    used 8021K, capacity 8433K, committed 8448K, reserved 1048576K
GC Heap History (10 events):
Event: 25.191 GC heap before
{Heap before GC invocations=15 (full 3):
 PSYoungGen      total 206336K, used 179200K [0x00000000eab00000, 0x00000000f9300000, 0x0000000100000000)
  eden space 179200K, 100% used [0x00000000eab00000,0x00000000f5a00000,0x00000000f5a00000)
  from space 27136K, 0% used [0x00000000f5a00000,0x00000000f5a00000,0x00000000f7480000)
  to   space 26112K, 0% used [0x00000000f7980000,0x00000000f7980000,0x00000000f9300000)
 ParOldGen       total 123904K, used 30345K [0x00000000c0000000, 0x00000000c7900000, 0x00000000eab00000)
  object space 123904K, 24% used [0x00000000c0000000,0x00000000c1da2690,0x00000000c7900000)
 Metaspace       used 54515K, capacity 56078K, committed 56320K, reserved 1097728K
  class space    used 7075K, capacity 7409K, committed 7424K, reserved 1048576K
Event: 25.238 GC heap after
Heap after GC invocations=15 (full 3):
 PSYoungGen      total 211968K, used 7168K [0x00000000eab00000, 0x00000000fab00000, 0x0000000100000000)
  eden space 185856K, 0% used [0x00000000eab00000,0x00000000eab00000,0x00000000f6080000)
  from space 26112K, 27% used [0x00000000f7980000,0x00000000f8080000,0x00000000f9300000)
  to   space 25600K, 0% used [0x00000000f6080000,0x00000000f6080000,0x00000000f7980000)
 ParOldGen       total 123904K, used 30353K [0x00000000c0000000, 0x00000000c7900000, 0x00000000eab00000)
  object space 123904K, 24% used [0x00000000c0000000,0x00000000c1da4690,0x00000000c7900000)
 Metaspace       used 54515K, capacity 56078K, committed 56320K, reserved 1097728K
  class space    used 7075K, capacity 7409K, committed 7424K, reserved 1048576K
}
Event: 27.015 GC heap before
{Heap before GC invocations=16 (full 3):
 PSYoungGen      total 211968K, used 193024K [0x00000000eab00000, 0x00000000fab00000, 0x0000000100000000)
  eden space 185856K, 100% used [0x00000000eab00000,0x00000000f6080000,0x00000000f6080000)
  from space 26112K, 27% used [0x00000000f7980000,0x00000000f8080000,0x00000000f9300000)
  to   space 25600K, 0% used [0x00000000f6080000,0x00000000f6080000,0x00000000f7980000)
 ParOldGen       total 123904K, used 30353K [0x00000000c0000000, 0x00000000c7900000, 0x00000000eab00000)
  object space 123904K, 24% used [0x00000000c0000000,0x00000000c1da4690,0x00000000c7900000)
 Metaspace       used 54617K, capacity 56206K, committed 56320K, reserved 1097728K
  class space    used 7075K, capacity 7409K, committed 7424K, reserved 1048576K
Event: 27.373 GC heap after
Heap after GC invocations=16 (full 3):
 PSYoungGen      total 211456K, used 19371K [0x00000000eab00000, 0x00000000fdc80000, 0x0000000100000000)
  eden space 185856K, 0% used [0x00000000eab00000,0x00000000eab00000,0x00000000f6080000)
  from space 25600K, 75% used [0x00000000f6080000,0x00000000f736ac00,0x00000000f7980000)
  to   space 27136K, 0% used [0x00000000fc200000,0x00000000fc200000,0x00000000fdc80000)
 ParOldGen       total 123904K, used 30361K [0x00000000c0000000, 0x00000000c7900000, 0x00000000eab00000)
  object space 123904K, 24% used [0x00000000c0000000,0x00000000c1da6690,0x00000000c7900000)
 Metaspace       used 54617K, capacity 56206K, committed 56320K, reserved 1097728K
  class space    used 7075K, capacity 7409K, committed 7424K, reserved 1048576K
}
Event: 33.129 GC heap before
{Heap before GC invocations=17 (full 3):
 PSYoungGen      total 211456K, used 205227K [0x00000000eab00000, 0x00000000fdc80000, 0x0000000100000000)
  eden space 185856K, 100% used [0x00000000eab00000,0x00000000f6080000,0x00000000f6080000)
  from space 25600K, 75% used [0x00000000f6080000,0x00000000f736ac00,0x00000000f7980000)
  to   space 27136K, 0% used [0x00000000fc200000,0x00000000fc200000,0x00000000fdc80000)
 ParOldGen       total 123904K, used 30361K [0x00000000c0000000, 0x00000000c7900000, 0x00000000eab00000)
  object space 123904K, 24% used [0x00000000c0000000,0x00000000c1da6690,0x00000000c7900000)
 Metaspace       used 54695K, capacity 56212K, committed 56320K, reserved 1097728K
  class space    used 7077K, capacity 7410K, committed 7424K, reserved 1048576K
Event: 33.147 GC heap after
Heap after GC invocations=17 (full 3):
 PSYoungGen      total 270336K, used 8960K [0x00000000eab00000, 0x00000000fd480000, 0x0000000100000000)
  eden space 251392K, 0% used [0x00000000eab00000,0x00000000eab00000,0x00000000fa080000)
  from space 18944K, 47% used [0x00000000fc200000,0x00000000fcac0000,0x00000000fd480000)
  to   space 26624K, 0% used [0x00000000fa080000,0x00000000fa080000,0x00000000fba80000)
 ParOldGen       total 123904K, used 30369K [0x00000000c0000000, 0x00000000c7900000, 0x00000000eab00000)
  object space 123904K, 24% used [0x00000000c0000000,0x00000000c1da8690,0x00000000c7900000)
 Metaspace       used 54695K, capacity 56212K, committed 56320K, reserved 1097728K
  class space    used 7077K, capacity 7410K, committed 7424K, reserved 1048576K
}
Event: 34.794 GC heap before
{Heap before GC invocations=18 (full 3):
 PSYoungGen      total 270336K, used 260086K [0x00000000eab00000, 0x00000000fd480000, 0x0000000100000000)
  eden space 251392K, 99% used [0x00000000eab00000,0x00000000fa03db50,0x00000000fa080000)
  from space 18944K, 47% used [0x00000000fc200000,0x00000000fcac0000,0x00000000fd480000)
  to   space 26624K, 0% used [0x00000000fa080000,0x00000000fa080000,0x00000000fba80000)
 ParOldGen       total 123904K, used 30369K [0x00000000c0000000, 0x00000000c7900000, 0x00000000eab00000)
  object space 123904K, 24% used [0x00000000c0000000,0x00000000c1da8690,0x00000000c7900000)
 Metaspace       used 61117K, capacity 62876K, committed 63104K, reserved 1103872K
  class space    used 7821K, capacity 8206K, committed 8320K, reserved 1048576K
Event: 34.805 GC heap after
Heap after GC invocations=18 (full 3):
 PSYoungGen      total 278016K, used 7855K [0x00000000eab00000, 0x0000000100000000, 0x0000000100000000)
  eden space 251392K, 0% used [0x00000000eab00000,0x00000000eab00000,0x00000000fa080000)
  from space 26624K, 29% used [0x00000000fa080000,0x00000000fa82bfd8,0x00000000fba80000)
  to   space 25600K, 0% used [0x00000000fe700000,0x00000000fe700000,0x0000000100000000)
 ParOldGen       total 123904K, used 34481K [0x00000000c0000000, 0x00000000c7900000, 0x00000000eab00000)
  object space 123904K, 27% used [0x00000000c0000000,0x00000000c21ac700,0x00000000c7900000)
 Metaspace       used 61117K, capacity 62876K, committed 63104K, reserved 1103872K
  class space    used 7821K, capacity 8206K, committed 8320K, reserved 1048576K
}
Event: 35.503 GC heap before
{Heap before GC invocations=19 (full 3):
 PSYoungGen      total 278016K, used 259247K [0x00000000eab00000, 0x0000000100000000, 0x0000000100000000)
  eden space 251392K, 100% used [0x00000000eab00000,0x00000000fa080000,0x00000000fa080000)
  from space 26624K, 29% used [0x00000000fa080000,0x00000000fa82bfd8,0x00000000fba80000)
  to   space 25600K, 0% used [0x00000000fe700000,0x00000000fe700000,0x0000000100000000)
 ParOldGen       total 123904K, used 34481K [0x00000000c0000000, 0x00000000c7900000, 0x00000000eab00000)
  object space 123904K, 27% used [0x00000000c0000000,0x00000000c21ac700,0x00000000c7900000)
 Metaspace       used 62819K, capacity 64616K, committed 64768K, reserved 1105920K
  class space    used 7999K, capacity 8392K, committed 8448K, reserved 1048576K
Event: 35.525 GC heap after
Heap after GC invocations=19 (full 3):
 PSYoungGen      total 320512K, used 7294K [0x00000000eab00000, 0x00000000ffe00000, 0x0000000100000000)
  eden space 296960K, 0% used [0x00000000eab00000,0x00000000eab00000,0x00000000fcd00000)
  from space 23552K, 30% used [0x00000000fe700000,0x00000000fee1fb68,0x00000000ffe00000)
  to   space 25088K, 0% used [0x00000000fcd00000,0x00000000fcd00000,0x00000000fe580000)
 ParOldGen       total 123904K, used 35253K [0x00000000c0000000, 0x00000000c7900000, 0x00000000eab00000)
  object space 123904K, 28% used [0x00000000c0000000,0x00000000c226d750,0x00000000c7900000)
 Metaspace       used 62819K, capacity 64616K, committed 64768K, reserved 1105920K
  class space    used 7999K, capacity 8392K, committed 8448K, reserved 1048576K
}

